Loaded run: /content/drive/MyDrive/NuLite_Exp1_outputs
Loading best model from /content/drive/MyDrive/NuLite_Exp1_outputs/checkpoints/model_best.pth
<All keys matched successfully>
Performing Inference on test set: [2]
******************** Binary Dataset metrics ********************
Binary-Cell-Dice-Mean:    0.7331057599465816
Binary-Cell-Jacard-Mean:  0.619457571485189
Tissue-Multiclass-Accuracy: 0.49448934606906686
bPQ:                      0.4787099047863661
bDQ:                      0.6264589853694036
bSQ:                      0.7477338036331661
mPQ:                      0.21174399452936618
mDQ:                      0.27681478256488756
mSQ:                      0.4664409763428914
f1_detection:             0.7234667337863915
precision_detection:      0.6713030841691427
recall_detection:         0.7844201525236139
******************** Tissue metrics ********************
Tissue             Dice    Jaccard       mPQ       bPQ
-------------  --------  ---------  --------  --------
adrenal_gland  0.735761   0.612873  0.252104  0.490648
bile-duct      0.721869   0.598398  0.23306   0.509107
bladder        0.694944   0.599549  0.353502  0.510461
breast         0.791958   0.666698  0.221301  0.517787
cervix         0.674114   0.626124  0.182902  0.541934
colon          0.634559   0.535683  0.127168  0.364431
esophagus      0.769747   0.6489    0.276389  0.466594
headneck       0.589799   0.514718  0.203566  0.403279
kidney         0.710277   0.586977  0.170539  0.538948
liver          0.791317   0.664722  0.228182  0.555788
lung           0.77408    0.634025  0.201539  0.464289
ovarian        0.812512   0.689371  0.262247  0.503775
pancreatic     0.792885   0.663304  0.160371  0.519961
prostate       0.751535   0.622322  0.322578  0.49917
skin           0.680883   0.556072  0.175     0.426964
stomach        0.810227   0.68457   0.225766  0.530884
testis         0.767352   0.645489  0.189032  0.541216
thyroid        0.774546   0.654973  0.153758  0.550535
uterus         0.78132    0.646524  0.238796  0.469312
******************** Nuclei Type Metrics ********************
Nuclei Type            DQ          SQ          PQ
-------------  ----------  ----------  ----------
Neoplastic     0.506652    0.719774    0.39396
Inflammatory   0.0182317   0.0450203   0.0144326
Connective     0.283769    0.627659    0.212323
Dead           0           0           0
Epithelial     0.00206055  0.00773598  0.00136884
******************** Nuclei Detection Metrics ********************
Nuclei Type      Precision      Recall          F1
-------------  -----------  ----------  ----------
Neoplastic        0.402235  0.547194    0.463648
Inflammatory      0.266332  0.0138215   0.0262793
Connective        0.154095  0.404604    0.223188
Dead              0         0           0
Epithelial        0.1133    0.00145376  0.00287069
